# JRE version: Java(TM) SE Runtime Environment (8.0_45-b15) (build 1.8.0_45-b15)
# Java VM: Java HotSpot(TM) Client VM (25.45-b02 mixed mode windows-x86 )
Heap:
 def new generation   total 4992K, used 1374K [0x03a00000, 0x03f60000, 0x08f50000)
  eden space 4480K,  29% used [0x03a00000, 0x03b49cf0, 0x03e60000)
  from space 512K,  10% used [0x03e60000, 0x03e6dd60, 0x03ee0000)
  to   space 512K,   0% used [0x03ee0000, 0x03ee0000, 0x03f60000)
 tenured generation   total 91456K, used 87149K [0x08f50000, 0x0e8a0000, 0x13a00000)
   the space 91456K,  95% used [0x08f50000, 0x0e46b7d0, 0x0e46b800, 0x0e8a0000)
 Metaspace       used 9294K, capacity 9477K, committed 9600K, reserved 9600K
GC Heap History (10 events):
Event: 2.522 GC heap before
{Heap before GC invocations=18 (full 1):
 def new generation   total 4992K, used 4481K [0x03a00000, 0x03f60000, 0x08f50000)
  eden space 4480K, 100% used [0x03a00000, 0x03e60000, 0x03e60000)
  from space 512K,   0% used [0x03ee0000, 0x03ee06a0, 0x03f60000)
  to   space 512K,   0% used [0x03e60000, 0x03e60000, 0x03ee0000)
 tenured generation   total 91456K, used 82711K [0x08f50000, 0x0e8a0000, 0x13a00000)
   the space 91456K,  90% used [0x08f50000, 0x0e015d28, 0x0e015e00, 0x0e8a0000)
 Metaspace       used 6682K, capacity 6847K, committed 6912K, reserved 7552K
Event: 2.522 GC heap after
Heap after GC invocations=19 (full 1):
 def new generation   total 4992K, used 0K [0x03a00000, 0x03f60000, 0x08f50000)
  eden space 4480K,   0% used [0x03a00000, 0x03a00000, 0x03e60000)
  from space 512K,   0% used [0x03e60000, 0x03e60050, 0x03ee0000)
  to   space 512K,   0% used [0x03ee0000, 0x03ee0000, 0x03f60000)
 tenured generation   total 91456K, used 82712K [0x08f50000, 0x0e8a0000, 0x13a00000)
   the space 91456K,  90% used [0x08f50000, 0x0e016378, 0x0e016400, 0x0e8a0000)
 Metaspace       used 6682K, capacity 6847K, committed 6912K, reserved 7552K
}
Event: 2.585 GC heap before
{Heap before GC invocations=19 (full 1):
 def new generation   total 4992K, used 4480K [0x03a00000, 0x03f60000, 0x08f50000)
  eden space 4480K, 100% used [0x03a00000, 0x03e60000, 0x03e60000)
  from space 512K,   0% used [0x03e60000, 0x03e60050, 0x03ee0000)
  to   space 512K,   0% used [0x03ee0000, 0x03ee0000, 0x03f60000)
 tenured generation   total 91456K, used 82712K [0x08f50000, 0x0e8a0000, 0x13a00000)
   the space 91456K,  90% used [0x08f50000, 0x0e016378, 0x0e016400, 0x0e8a0000)
 Metaspace       used 6682K, capacity 6847K, committed 6912K, reserved 7552K
Event: 2.586 GC heap after
Heap after GC invocations=20 (full 1):
 def new generation   total 4992K, used 0K [0x03a00000, 0x03f60000, 0x08f50000)
  eden space 4480K,   0% used [0x03a00000, 0x03a00000, 0x03e60000)
  from space 512K,   0% used [0x03ee0000, 0x03ee0050, 0x03f60000)
  to   space 512K,   0% used [0x03e60000, 0x03e60000, 0x03ee0000)
 tenured generation   total 91456K, used 82712K [0x08f50000, 0x0e8a0000, 0x13a00000)
   the space 91456K,  90% used [0x08f50000, 0x0e016378, 0x0e016400, 0x0e8a0000)
 Metaspace       used 6682K, capacity 6847K, committed 6912K, reserved 7552K
}
Event: 2.650 GC heap before
{Heap before GC invocations=20 (full 1):
 def new generation   total 4992K, used 4480K [0x03a00000, 0x03f60000, 0x08f50000)
  eden space 4480K, 100% used [0x03a00000, 0x03e60000, 0x03e60000)
  from space 512K,   0% used [0x03ee0000, 0x03ee0050, 0x03f60000)
  to   space 512K,   0% used [0x03e60000, 0x03e60000, 0x03ee0000)
 tenured generation   total 91456K, used 82712K [0x08f50000, 0x0e8a0000, 0x13a00000)
   the space 91456K,  90% used [0x08f50000, 0x0e016378, 0x0e016400, 0x0e8a0000)
 Metaspace       used 6682K, capacity 6847K, committed 6912K, reserved 7552K
Event: 2.651 GC heap after
Heap after GC invocations=21 (full 1):
 def new generation   total 4992K, used 0K [0x03a00000, 0x03f60000, 0x08f50000)
  eden space 4480K,   0% used [0x03a00000, 0x03a00000, 0x03e60000)
  from space 512K,   0% used [0x03e60000, 0x03e60050, 0x03ee0000)
  to   space 512K,   0% used [0x03ee0000, 0x03ee0000, 0x03f60000)
 tenured generation   total 91456K, used 82712K [0x08f50000, 0x0e8a0000, 0x13a00000)
   the space 91456K,  90% used [0x08f50000, 0x0e016378, 0x0e016400, 0x0e8a0000)
 Metaspace       used 6682K, capacity 6847K, committed 6912K, reserved 7552K
}
Event: 2.979 GC heap before
{Heap before GC invocations=21 (full 1):
 def new generation   total 4992K, used 4169K [0x03a00000, 0x03f60000, 0x08f50000)
  eden space 4480K,  93% used [0x03a00000, 0x03e12450, 0x03e60000)
  from space 512K,   0% used [0x03e60000, 0x03e60050, 0x03ee0000)
  to   space 512K,   0% used [0x03ee0000, 0x03ee0000, 0x03f60000)
 tenured generation   total 91456K, used 82712K [0x08f50000, 0x0e8a0000, 0x13a00000)
   the space 91456K,  90% used [0x08f50000, 0x0e016378, 0x0e016400, 0x0e8a0000)
 Metaspace       used 8146K, capacity 8312K, committed 8448K, reserved 8576K
Event: 2.984 GC heap after
Heap after GC invocations=22 (full 1):
 def new generation   total 4992K, used 512K [0x03a00000, 0x03f60000, 0x08f50000)
  eden space 4480K,   0% used [0x03a00000, 0x03a00000, 0x03e60000)
  from space 512K, 100% used [0x03ee0000, 0x03f60000, 0x03f60000)
  to   space 512K,   0% used [0x03e60000, 0x03e60000, 0x03ee0000)
 tenured generation   total 91456K, used 82874K [0x08f50000, 0x0e8a0000, 0x13a00000)
   the space 91456K,  90% used [0x08f50000, 0x0e03e8d0, 0x0e03ea00, 0x0e8a0000)
 Metaspace       used 8146K, capacity 8312K, committed 8448K, reserved 8576K
}
Event: 3.948 GC heap before
{Heap before GC invocations=22 (full 1):
 def new generation   total 4992K, used 4992K [0x03a00000, 0x03f60000, 0x08f50000)
  eden space 4480K, 100% used [0x03a00000, 0x03e60000, 0x03e60000)
  from space 512K, 100% used [0x03ee0000, 0x03f60000, 0x03f60000)
  to   space 512K,   0% used [0x03e60000, 0x03e60000, 0x03ee0000)
 tenured generation   total 91456K, used 82874K [0x08f50000, 0x0e8a0000, 0x13a00000)
   the space 91456K,  90% used [0x08f50000, 0x0e03e8d0, 0x0e03ea00, 0x0e8a0000)
 Metaspace       used 8372K, capacity 8545K, committed 8576K, reserved 8576K
Event: 3.957 GC heap after
Heap after GC invocations=23 (full 1):
 def new generation   total 4992K, used 55K [0x03a00000, 0x03f60000, 0x08f50000)
  eden space 4480K,   0% used [0x03a00000, 0x03a00000, 0x03e60000)
  from space 512K,  10% used [0x03e60000, 0x03e6dd60, 0x03ee0000)
  to   space 512K,   0% used [0x03ee0000, 0x03ee0000, 0x03f60000)
 tenured generation   total 91456K, used 87149K [0x08f50000, 0x0e8a0000, 0x13a00000)
   the space 91456K,  95% used [0x08f50000, 0x0e46b7d0, 0x0e46b800, 0x0e8a0000)
 Metaspace       used 8372K, capacity 8545K, committed 8576K, reserved 8576K
}

