# JRE version: Java(TM) SE Runtime Environment (8.0_45-b15) (build 1.8.0_45-b15)
# Java VM: Java HotSpot(TM) Client VM (25.45-b02 mixed mode windows-x86 )
Heap:
 def new generation   total 4928K, used 13K [0x03e00000, 0x04350000, 0x09350000)
  eden space 4416K,   0% used [0x03e00000, 0x03e00000, 0x04250000)
  from space 512K,   2% used [0x042d0000, 0x042d3518, 0x04350000)
  to   space 512K,   0% used [0x04250000, 0x04250000, 0x042d0000)
 tenured generation   total 12840K, used 12268K [0x09350000, 0x09fda000, 0x13e00000)
   the space 12840K,  95% used [0x09350000, 0x09f4b2f0, 0x09f4b400, 0x09fda000)
 Metaspace       used 7278K, capacity 7465K, committed 7552K, reserved 7552K
GC Heap History (10 events):
Event: 0.939 GC heap after
Heap after GC invocations=2 (full 0):
 def new generation   total 4928K, used 512K [0x03e00000, 0x04350000, 0x09350000)
  eden space 4416K,   0% used [0x03e00000, 0x03e00000, 0x04250000)
  from space 512K, 100% used [0x04250000, 0x042d0000, 0x042d0000)
  to   space 512K,   0% used [0x042d0000, 0x042d0000, 0x04350000)
 tenured generation   total 10944K, used 2026K [0x09350000, 0x09e00000, 0x13e00000)
   the space 10944K,  18% used [0x09350000, 0x0954a980, 0x0954aa00, 0x09e00000)
 Metaspace       used 6238K, capacity 6430K, committed 6528K, reserved 6528K
}
Event: 1.113 GC heap before
{Heap before GC invocations=2 (full 0):
 def new generation   total 4928K, used 4712K [0x03e00000, 0x04350000, 0x09350000)
  eden space 4416K,  95% used [0x03e00000, 0x0421a138, 0x04250000)
  from space 512K, 100% used [0x04250000, 0x042d0000, 0x042d0000)
  to   space 512K,   0% used [0x042d0000, 0x042d0000, 0x04350000)
 tenured generation   total 10944K, used 2026K [0x09350000, 0x09e00000, 0x13e00000)
   the space 10944K,  18% used [0x09350000, 0x0954a980, 0x0954aa00, 0x09e00000)
 Metaspace       used 7051K, capacity 7241K, committed 7296K, reserved 7552K
Event: 1.120 GC heap after
Heap after GC invocations=3 (full 0):
 def new generation   total 4928K, used 157K [0x03e00000, 0x04350000, 0x09350000)
  eden space 4416K,   0% used [0x03e00000, 0x03e00000, 0x04250000)
  from space 512K,  30% used [0x042d0000, 0x042f7438, 0x04350000)
  to   space 512K,   0% used [0x04250000, 0x04250000, 0x042d0000)
 tenured generation   total 10944K, used 4413K [0x09350000, 0x09e00000, 0x13e00000)
   the space 10944K,  40% used [0x09350000, 0x0979f478, 0x0979f600, 0x09e00000)
 Metaspace       used 7051K, capacity 7241K, committed 7296K, reserved 7552K
}
Event: 1.501 GC heap before
{Heap before GC invocations=3 (full 0):
 def new generation   total 4928K, used 2900K [0x03e00000, 0x04350000, 0x09350000)
  eden space 4416K,  62% used [0x03e00000, 0x040add68, 0x04250000)
  from space 512K,  30% used [0x042d0000, 0x042f7438, 0x04350000)
  to   space 512K,   0% used [0x04250000, 0x04250000, 0x042d0000)
 tenured generation   total 10944K, used 4413K [0x09350000, 0x09e00000, 0x13e00000)
   the space 10944K,  40% used [0x09350000, 0x0979f478, 0x0979f600, 0x09e00000)
 Metaspace       used 7276K, capacity 7465K, committed 7552K, reserved 7552K
Event: 1.505 GC heap after
Heap after GC invocations=4 (full 0):
 def new generation   total 4928K, used 512K [0x03e00000, 0x04350000, 0x09350000)
  eden space 4416K,   0% used [0x03e00000, 0x03e00000, 0x04250000)
  from space 512K, 100% used [0x04250000, 0x042d0000, 0x042d0000)
  to   space 512K,   0% used [0x042d0000, 0x042d0000, 0x04350000)
 tenured generation   total 10944K, used 6468K [0x09350000, 0x09e00000, 0x13e00000)
   the space 10944K,  59% used [0x09350000, 0x099a1148, 0x099a1200, 0x09e00000)
 Metaspace       used 7276K, capacity 7465K, committed 7552K, reserved 7552K
}
Event: 1.724 GC heap before
{Heap before GC invocations=4 (full 0):
 def new generation   total 4928K, used 4621K [0x03e00000, 0x04350000, 0x09350000)
  eden space 4416K,  93% used [0x03e00000, 0x042036d8, 0x04250000)
  from space 512K, 100% used [0x04250000, 0x042d0000, 0x042d0000)
  to   space 512K,   0% used [0x042d0000, 0x042d0000, 0x04350000)
 tenured generation   total 10944K, used 6468K [0x09350000, 0x09e00000, 0x13e00000)
   the space 10944K,  59% used [0x09350000, 0x099a1148, 0x099a1200, 0x09e00000)
 Metaspace       used 7277K, capacity 7465K, committed 7552K, reserved 7552K
Event: 1.728 GC heap after
Heap after GC invocations=5 (full 0):
 def new generation   total 4928K, used 25K [0x03e00000, 0x04350000, 0x09350000)
  eden space 4416K,   0% used [0x03e00000, 0x03e00000, 0x04250000)
  from space 512K,   4% used [0x042d0000, 0x042d6578, 0x04350000)
  to   space 512K,   0% used [0x04250000, 0x04250000, 0x042d0000)
 tenured generation   total 10944K, used 8478K [0x09350000, 0x09e00000, 0x13e00000)
   the space 10944K,  77% used [0x09350000, 0x09b97bb0, 0x09b97c00, 0x09e00000)
 Metaspace       used 7277K, capacity 7465K, committed 7552K, reserved 7552K
}
Event: 1.998 GC heap before
{Heap before GC invocations=5 (full 0):
 def new generation   total 4928K, used 4441K [0x03e00000, 0x04350000, 0x09350000)
  eden space 4416K, 100% used [0x03e00000, 0x04250000, 0x04250000)
  from space 512K,   4% used [0x042d0000, 0x042d6578, 0x04350000)
  to   space 512K,   0% used [0x04250000, 0x04250000, 0x042d0000)
 tenured generation   total 10944K, used 8478K [0x09350000, 0x09e00000, 0x13e00000)
   the space 10944K,  77% used [0x09350000, 0x09b97bb0, 0x09b97c00, 0x09e00000)
 Metaspace       used 7278K, capacity 7465K, committed 7552K, reserved 7552K
Event: 2.002 GC heap after
Heap after GC invocations=6 (full 0):
 def new generation   total 4928K, used 6K [0x03e00000, 0x04350000, 0x09350000)
  eden space 4416K,   0% used [0x03e00000, 0x03e00000, 0x04250000)
  from space 512K,   1% used [0x04250000, 0x04251a30, 0x042d0000)
  to   space 512K,   0% used [0x042d0000, 0x042d0000, 0x04350000)
 tenured generation   total 10944K, used 10373K [0x09350000, 0x09e00000, 0x13e00000)
   the space 10944K,  94% used [0x09350000, 0x09d71750, 0x09d71800, 0x09e00000)
 Metaspace       used 7278K, capacity 7465K, committed 7552K, reserved 7552K
}
Event: 2.208 GC heap before
{Heap before GC invocations=6 (full 0):
 def new generation   total 4928K, used 4421K [0x03e00000, 0x04350000, 0x09350000)
  eden space 4416K,  99% used [0x03e00000, 0x0424fce8, 0x04250000)
  from space 512K,   1% used [0x04250000, 0x04251a30, 0x042d0000)
  to   space 512K,   0% used [0x042d0000, 0x042d0000, 0x04350000)
 tenured generation   total 10944K, used 10373K [0x09350000, 0x09e00000, 0x13e00000)
   the space 10944K,  94% used [0x09350000, 0x09d71750, 0x09d71800, 0x09e00000)
 Metaspace       used 7278K, capacity 7465K, committed 7552K, reserved 7552K

